2019/11/07-17:17:29 WARN [restartedMain] Caller+0	 at org.springframework.boot.StartupInfoLogger.appendOn(StartupInfoLogger.java:124)
 - InetAddress.getLocalHost().getHostName() took 5003 milliseconds to respond. Please verify your network configuration (macOS machines may need to add entries to /etc/hosts).
2019/11/07-17:17:34 INFO [restartedMain] Caller+0	 at org.springframework.boot.StartupInfoLogger.logStarting(StartupInfoLogger.java:55)
 - Starting SpringBootDemoApplication on SunshinedeMacBook-Pro.local with PID 2506 (/Users/sunshinezhang/Documents/Team3/technology/SSM/spring-boot-demo/target/classes started by sunshinezhang in /Users/sunshinezhang/Documents/Team3/technology/SSM/spring-boot-demo)
2019/11/07-17:17:34 INFO [restartedMain] Caller+0	 at org.springframework.boot.SpringApplication.logStartupProfileInfo(SpringApplication.java:651)
 - No active profile set, falling back to default profiles: default
2019/11/07-17:17:34 INFO [restartedMain] Caller+0	 at org.springframework.boot.logging.DeferredLog.logTo(DeferredLog.java:225)
 - Devtools property defaults active! Set 'spring.devtools.add-properties' to 'false' to disable
2019/11/07-17:17:34 INFO [restartedMain] Caller+0	 at org.springframework.boot.logging.DeferredLog.logTo(DeferredLog.java:225)
 - For additional web related logging consider setting the 'logging.level.web' property to 'DEBUG'
2019/11/07-17:17:34 WARN [restartedMain] Caller+0	 at org.mybatis.logging.Logger.warn(Logger.java:44)
 - No MyBatis mapper was found in '[com.dmsdbj.team.springbootdemo]' package. Please check your configuration.
2019/11/07-17:17:35 WARN [restartedMain] Caller+0	 at org.mybatis.logging.Logger.warn(Logger.java:44)
 - Skipping MapperFactoryBean with name 'userMapper' and 'com.dmsdbj.team.springbootdemo.mapper.UserMapper' mapperInterface. Bean already defined with the same name!
2019/11/07-17:17:35 WARN [restartedMain] Caller+0	 at org.mybatis.logging.Logger.warn(Logger.java:44)
 - No MyBatis mapper was found in '[com.dmsdbj.team.springbootdemo.mapper*]' package. Please check your configuration.
2019/11/07-17:17:35 INFO [restartedMain] Caller+0	 at org.springframework.context.support.PostProcessorRegistrationDelegate$BeanPostProcessorChecker.postProcessAfterInitialization(PostProcessorRegistrationDelegate.java:330)
 - Bean 'org.springframework.transaction.annotation.ProxyTransactionManagementConfiguration' of type [org.springframework.transaction.annotation.ProxyTransactionManagementConfiguration] is not eligible for getting processed by all BeanPostProcessors (for example: not eligible for auto-proxying)
2019/11/07-17:17:35 INFO [restartedMain] Caller+0	 at org.springframework.boot.web.embedded.tomcat.TomcatWebServer.initialize(TomcatWebServer.java:92)
 - Tomcat initialized with port(s): 8081 (http)
2019/11/07-17:17:35 INFO [restartedMain] Caller+0	 at org.apache.juli.logging.DirectJDKLog.log(DirectJDKLog.java:173)
 - Initializing ProtocolHandler ["http-nio-8081"]
2019/11/07-17:17:35 INFO [restartedMain] Caller+0	 at org.apache.juli.logging.DirectJDKLog.log(DirectJDKLog.java:173)
 - Starting service [Tomcat]
2019/11/07-17:17:35 INFO [restartedMain] Caller+0	 at org.apache.juli.logging.DirectJDKLog.log(DirectJDKLog.java:173)
 - Starting Servlet engine: [Apache Tomcat/9.0.27]
2019/11/07-17:17:35 INFO [restartedMain] Caller+0	 at org.apache.juli.logging.DirectJDKLog.log(DirectJDKLog.java:173)
 - Initializing Spring embedded WebApplicationContext
2019/11/07-17:17:35 INFO [restartedMain] Caller+0	 at org.springframework.boot.web.servlet.context.ServletWebServerApplicationContext.prepareWebApplicationContext(ServletWebServerApplicationContext.java:284)
 - Root WebApplicationContext: initialization completed in 1413 ms
2019/11/07-17:17:35 INFO [restartedMain] Caller+0	 at com.alibaba.druid.spring.boot.autoconfigure.DruidDataSourceAutoConfigure.dataSource(DruidDataSourceAutoConfigure.java:56)
 - Init DruidDataSource
2019/11/07-17:17:36 INFO [restartedMain] Caller+0	 at com.p6spy.engine.spy.appender.Slf4JLogger.logSQL(Slf4JLogger.java:60)
 - 1573118256066|8|statement|connection 0|url jdbc:p6spy:mysql://localhost:3306/test|SELECT 1 FROM DUAL|SELECT 1 FROM DUAL
2019/11/07-17:17:36 INFO [restartedMain] Caller+0	 at com.p6spy.engine.spy.appender.Slf4JLogger.logSQL(Slf4JLogger.java:60)
 - 1573118256082|0|statement|connection 1|url jdbc:p6spy:mysql://localhost:3306/test|SELECT 1 FROM DUAL|SELECT 1 FROM DUAL
2019/11/07-17:17:36 INFO [restartedMain] Caller+0	 at com.p6spy.engine.spy.appender.Slf4JLogger.logSQL(Slf4JLogger.java:60)
 - 1573118256094|0|statement|connection 2|url jdbc:p6spy:mysql://localhost:3306/test|SELECT 1 FROM DUAL|SELECT 1 FROM DUAL
2019/11/07-17:17:36 INFO [restartedMain] Caller+0	 at com.p6spy.engine.spy.appender.Slf4JLogger.logSQL(Slf4JLogger.java:60)
 - 1573118256107|0|statement|connection 3|url jdbc:p6spy:mysql://localhost:3306/test|SELECT 1 FROM DUAL|SELECT 1 FROM DUAL
2019/11/07-17:17:36 INFO [restartedMain] Caller+0	 at com.p6spy.engine.spy.appender.Slf4JLogger.logSQL(Slf4JLogger.java:60)
 - 1573118256119|0|statement|connection 4|url jdbc:p6spy:mysql://localhost:3306/test|SELECT 1 FROM DUAL|SELECT 1 FROM DUAL
2019/11/07-17:17:36 INFO [restartedMain] Caller+0	 at com.alibaba.druid.pool.DruidDataSource.init(DruidDataSource.java:930)
 - {dataSource-1} inited
2019/11/07-17:17:36 INFO [restartedMain] Caller+0	 at org.springframework.boot.actuate.endpoint.web.EndpointLinksResolver.<init>(EndpointLinksResolver.java:58)
 - Exposing 14 endpoint(s) beneath base path '/actuator'
2019/11/07-17:17:36 INFO [restartedMain] Caller+0	 at springfox.documentation.spring.web.PropertySourcedRequestMappingHandlerMapping.initHandlerMethods(PropertySourcedRequestMappingHandlerMapping.java:69)
 - Mapped URL path [/v2/api-docs] onto method [springfox.documentation.swagger2.web.Swagger2Controller#getDocumentation(String, HttpServletRequest)]
2019/11/07-17:17:36 INFO [restartedMain] Caller+0	 at org.springframework.boot.devtools.autoconfigure.OptionalLiveReloadServer.startServer(OptionalLiveReloadServer.java:57)
 - LiveReload server is running on port 35729
2019/11/07-17:17:36 INFO [restartedMain] Caller+0	 at org.springframework.scheduling.concurrent.ExecutorConfigurationSupport.initialize(ExecutorConfigurationSupport.java:171)
 - Initializing ExecutorService 'taskScheduler'
2019/11/07-17:17:37 INFO [restartedMain] Caller+0	 at springfox.documentation.spring.web.plugins.DocumentationPluginsBootstrapper.start(DocumentationPluginsBootstrapper.java:160)
 - Context refreshed
2019/11/07-17:17:37 INFO [restartedMain] Caller+0	 at springfox.documentation.spring.web.plugins.DocumentationPluginsBootstrapper.start(DocumentationPluginsBootstrapper.java:163)
 - Found 1 custom documentation plugin(s)
2019/11/07-17:17:37 INFO [restartedMain] Caller+0	 at springfox.documentation.spring.web.scanners.ApiListingReferenceScanner.scan(ApiListingReferenceScanner.java:41)
 - Scanning for api listing references
2019/11/07-17:17:37 INFO [restartedMain] Caller+0	 at org.apache.juli.logging.DirectJDKLog.log(DirectJDKLog.java:173)
 - Starting ProtocolHandler ["http-nio-8081"]
2019/11/07-17:17:37 INFO [restartedMain] Caller+0	 at org.springframework.boot.web.embedded.tomcat.TomcatWebServer.start(TomcatWebServer.java:204)
 - Tomcat started on port(s): 8081 (http) with context path '/spring-demo'
2019/11/07-17:17:37 INFO [restartedMain] Caller+0	 at org.springframework.boot.StartupInfoLogger.logStarted(StartupInfoLogger.java:61)
 - Started SpringBootDemoApplication in 23.657 seconds (JVM running for 29.232)
2019/11/07-17:17:37 INFO [RMI TCP Connection(57)-127.0.0.1] Caller+0	 at org.apache.juli.logging.DirectJDKLog.log(DirectJDKLog.java:173)
 - Initializing Spring DispatcherServlet 'dispatcherServlet'
2019/11/07-17:17:37 INFO [RMI TCP Connection(57)-127.0.0.1] Caller+0	 at org.springframework.web.servlet.FrameworkServlet.initServletBean(FrameworkServlet.java:525)
 - Initializing Servlet 'dispatcherServlet'
2019/11/07-17:17:37 INFO [RMI TCP Connection(57)-127.0.0.1] Caller+0	 at org.springframework.web.servlet.FrameworkServlet.initServletBean(FrameworkServlet.java:547)
 - Completed initialization in 7 ms
2019/11/07-17:17:37 INFO [RMI TCP Connection(58)-127.0.0.1] Caller+0	 at com.p6spy.engine.spy.appender.Slf4JLogger.logSQL(Slf4JLogger.java:60)
 - 1573118257516|0|statement|connection 4|url jdbc:p6spy:mysql://localhost:3306/test|/* ping */ SELECT 1|/* ping */ SELECT 1
2019/11/07-17:17:52 WARN [http-nio-8081-exec-1] Caller+0	 at org.springframework.web.servlet.DispatcherServlet.noHandlerFound(DispatcherServlet.java:1251)
 - No mapping for GET /spring-demo/swagger-ui.html
2019/11/07-17:18:32 WARN [http-nio-8081-exec-3] Caller+0	 at org.springframework.web.servlet.DispatcherServlet.noHandlerFound(DispatcherServlet.java:1251)
 - No mapping for GET /spring-demo/swagger-ui.html
2019/11/07-17:18:33 WARN [http-nio-8081-exec-4] Caller+0	 at org.springframework.web.servlet.DispatcherServlet.noHandlerFound(DispatcherServlet.java:1251)
 - No mapping for GET /spring-demo/swagger-ui.html
2019/11/07-17:18:35 WARN [http-nio-8081-exec-5] Caller+0	 at org.springframework.web.servlet.DispatcherServlet.noHandlerFound(DispatcherServlet.java:1251)
 - No mapping for GET /spring-demo/swagger-ui.html
2019/11/07-17:18:49 INFO [SpringContextShutdownHook] Caller+0	 at org.springframework.scheduling.concurrent.ExecutorConfigurationSupport.shutdown(ExecutorConfigurationSupport.java:208)
 - Shutting down ExecutorService 'taskScheduler'
2019/11/07-17:18:49 INFO [SpringContextShutdownHook] Caller+0	 at com.alibaba.druid.pool.DruidDataSource.close(DruidDataSource.java:1825)
 - {dataSource-1} closed
2019/11/07-17:19:21 WARN [restartedMain] Caller+0	 at org.springframework.boot.StartupInfoLogger.appendOn(StartupInfoLogger.java:124)
 - InetAddress.getLocalHost().getHostName() took 5005 milliseconds to respond. Please verify your network configuration (macOS machines may need to add entries to /etc/hosts).
2019/11/07-17:19:26 INFO [restartedMain] Caller+0	 at org.springframework.boot.StartupInfoLogger.logStarting(StartupInfoLogger.java:55)
 - Starting SpringBootDemoApplication on SunshinedeMacBook-Pro.local with PID 2538 (/Users/sunshinezhang/Documents/Team3/technology/SSM/spring-boot-demo/target/classes started by sunshinezhang in /Users/sunshinezhang/Documents/Team3/technology/SSM/spring-boot-demo)
2019/11/07-17:19:26 INFO [restartedMain] Caller+0	 at org.springframework.boot.SpringApplication.logStartupProfileInfo(SpringApplication.java:651)
 - No active profile set, falling back to default profiles: default
2019/11/07-17:19:26 INFO [restartedMain] Caller+0	 at org.springframework.boot.logging.DeferredLog.logTo(DeferredLog.java:225)
 - Devtools property defaults active! Set 'spring.devtools.add-properties' to 'false' to disable
2019/11/07-17:19:26 INFO [restartedMain] Caller+0	 at org.springframework.boot.logging.DeferredLog.logTo(DeferredLog.java:225)
 - For additional web related logging consider setting the 'logging.level.web' property to 'DEBUG'
2019/11/07-17:19:26 WARN [restartedMain] Caller+0	 at org.mybatis.logging.Logger.warn(Logger.java:44)
 - No MyBatis mapper was found in '[com.dmsdbj.team.springbootdemo]' package. Please check your configuration.
2019/11/07-17:19:26 WARN [restartedMain] Caller+0	 at org.mybatis.logging.Logger.warn(Logger.java:44)
 - Skipping MapperFactoryBean with name 'userMapper' and 'com.dmsdbj.team.springbootdemo.mapper.UserMapper' mapperInterface. Bean already defined with the same name!
2019/11/07-17:19:26 WARN [restartedMain] Caller+0	 at org.mybatis.logging.Logger.warn(Logger.java:44)
 - No MyBatis mapper was found in '[com.dmsdbj.team.springbootdemo.mapper*]' package. Please check your configuration.
2019/11/07-17:19:27 INFO [restartedMain] Caller+0	 at org.springframework.context.support.PostProcessorRegistrationDelegate$BeanPostProcessorChecker.postProcessAfterInitialization(PostProcessorRegistrationDelegate.java:330)
 - Bean 'org.springframework.transaction.annotation.ProxyTransactionManagementConfiguration' of type [org.springframework.transaction.annotation.ProxyTransactionManagementConfiguration] is not eligible for getting processed by all BeanPostProcessors (for example: not eligible for auto-proxying)
2019/11/07-17:19:27 INFO [restartedMain] Caller+0	 at org.springframework.boot.web.embedded.tomcat.TomcatWebServer.initialize(TomcatWebServer.java:92)
 - Tomcat initialized with port(s): 8081 (http)
2019/11/07-17:19:27 INFO [restartedMain] Caller+0	 at org.apache.juli.logging.DirectJDKLog.log(DirectJDKLog.java:173)
 - Initializing ProtocolHandler ["http-nio-8081"]
2019/11/07-17:19:27 INFO [restartedMain] Caller+0	 at org.apache.juli.logging.DirectJDKLog.log(DirectJDKLog.java:173)
 - Starting service [Tomcat]
2019/11/07-17:19:27 INFO [restartedMain] Caller+0	 at org.apache.juli.logging.DirectJDKLog.log(DirectJDKLog.java:173)
 - Starting Servlet engine: [Apache Tomcat/9.0.27]
2019/11/07-17:19:27 INFO [restartedMain] Caller+0	 at org.apache.juli.logging.DirectJDKLog.log(DirectJDKLog.java:173)
 - Initializing Spring embedded WebApplicationContext
2019/11/07-17:19:27 INFO [restartedMain] Caller+0	 at org.springframework.boot.web.servlet.context.ServletWebServerApplicationContext.prepareWebApplicationContext(ServletWebServerApplicationContext.java:284)
 - Root WebApplicationContext: initialization completed in 1019 ms
2019/11/07-17:19:27 INFO [restartedMain] Caller+0	 at com.alibaba.druid.spring.boot.autoconfigure.DruidDataSourceAutoConfigure.dataSource(DruidDataSourceAutoConfigure.java:56)
 - Init DruidDataSource
2019/11/07-17:19:27 INFO [restartedMain] Caller+0	 at com.p6spy.engine.spy.appender.Slf4JLogger.logSQL(Slf4JLogger.java:60)
 - 1573118367709|5|statement|connection 0|url jdbc:p6spy:mysql://localhost:3306/test|SELECT 1 FROM DUAL|SELECT 1 FROM DUAL
2019/11/07-17:19:27 INFO [restartedMain] Caller+0	 at com.p6spy.engine.spy.appender.Slf4JLogger.logSQL(Slf4JLogger.java:60)
 - 1573118367724|0|statement|connection 1|url jdbc:p6spy:mysql://localhost:3306/test|SELECT 1 FROM DUAL|SELECT 1 FROM DUAL
2019/11/07-17:19:27 INFO [restartedMain] Caller+0	 at com.p6spy.engine.spy.appender.Slf4JLogger.logSQL(Slf4JLogger.java:60)
 - 1573118367736|0|statement|connection 2|url jdbc:p6spy:mysql://localhost:3306/test|SELECT 1 FROM DUAL|SELECT 1 FROM DUAL
2019/11/07-17:19:27 INFO [restartedMain] Caller+0	 at com.p6spy.engine.spy.appender.Slf4JLogger.logSQL(Slf4JLogger.java:60)
 - 1573118367748|0|statement|connection 3|url jdbc:p6spy:mysql://localhost:3306/test|SELECT 1 FROM DUAL|SELECT 1 FROM DUAL
2019/11/07-17:19:27 INFO [restartedMain] Caller+0	 at com.p6spy.engine.spy.appender.Slf4JLogger.logSQL(Slf4JLogger.java:60)
 - 1573118367760|0|statement|connection 4|url jdbc:p6spy:mysql://localhost:3306/test|SELECT 1 FROM DUAL|SELECT 1 FROM DUAL
2019/11/07-17:19:27 INFO [restartedMain] Caller+0	 at com.alibaba.druid.pool.DruidDataSource.init(DruidDataSource.java:930)
 - {dataSource-1} inited
2019/11/07-17:19:28 INFO [restartedMain] Caller+0	 at org.springframework.boot.actuate.endpoint.web.EndpointLinksResolver.<init>(EndpointLinksResolver.java:58)
 - Exposing 14 endpoint(s) beneath base path '/actuator'
2019/11/07-17:19:28 INFO [restartedMain] Caller+0	 at springfox.documentation.spring.web.PropertySourcedRequestMappingHandlerMapping.initHandlerMethods(PropertySourcedRequestMappingHandlerMapping.java:69)
 - Mapped URL path [/v2/api-docs] onto method [springfox.documentation.swagger2.web.Swagger2Controller#getDocumentation(String, HttpServletRequest)]
2019/11/07-17:19:28 INFO [restartedMain] Caller+0	 at org.springframework.boot.devtools.autoconfigure.OptionalLiveReloadServer.startServer(OptionalLiveReloadServer.java:57)
 - LiveReload server is running on port 35729
2019/11/07-17:19:28 INFO [restartedMain] Caller+0	 at org.springframework.scheduling.concurrent.ExecutorConfigurationSupport.initialize(ExecutorConfigurationSupport.java:171)
 - Initializing ExecutorService 'taskScheduler'
2019/11/07-17:19:28 INFO [restartedMain] Caller+0	 at springfox.documentation.spring.web.plugins.DocumentationPluginsBootstrapper.start(DocumentationPluginsBootstrapper.java:160)
 - Context refreshed
2019/11/07-17:19:28 INFO [restartedMain] Caller+0	 at springfox.documentation.spring.web.plugins.DocumentationPluginsBootstrapper.start(DocumentationPluginsBootstrapper.java:163)
 - Found 1 custom documentation plugin(s)
2019/11/07-17:19:28 INFO [restartedMain] Caller+0	 at springfox.documentation.spring.web.scanners.ApiListingReferenceScanner.scan(ApiListingReferenceScanner.java:41)
 - Scanning for api listing references
2019/11/07-17:19:28 INFO [restartedMain] Caller+0	 at org.apache.juli.logging.DirectJDKLog.log(DirectJDKLog.java:173)
 - Starting ProtocolHandler ["http-nio-8081"]
2019/11/07-17:19:28 INFO [restartedMain] Caller+0	 at org.springframework.boot.web.embedded.tomcat.TomcatWebServer.start(TomcatWebServer.java:204)
 - Tomcat started on port(s): 8081 (http) with context path '/spring-demo'
2019/11/07-17:19:28 INFO [restartedMain] Caller+0	 at org.springframework.boot.StartupInfoLogger.logStarted(StartupInfoLogger.java:61)
 - Started SpringBootDemoApplication in 22.746 seconds (JVM running for 28.153)
2019/11/07-17:19:28 INFO [RMI TCP Connection(55)-127.0.0.1] Caller+0	 at org.apache.juli.logging.DirectJDKLog.log(DirectJDKLog.java:173)
 - Initializing Spring DispatcherServlet 'dispatcherServlet'
2019/11/07-17:19:28 INFO [RMI TCP Connection(55)-127.0.0.1] Caller+0	 at org.springframework.web.servlet.FrameworkServlet.initServletBean(FrameworkServlet.java:525)
 - Initializing Servlet 'dispatcherServlet'
2019/11/07-17:19:28 INFO [RMI TCP Connection(55)-127.0.0.1] Caller+0	 at org.springframework.web.servlet.FrameworkServlet.initServletBean(FrameworkServlet.java:547)
 - Completed initialization in 5 ms
2019/11/07-17:19:28 INFO [RMI TCP Connection(56)-127.0.0.1] Caller+0	 at com.p6spy.engine.spy.appender.Slf4JLogger.logSQL(Slf4JLogger.java:60)
 - 1573118368751|1|statement|connection 4|url jdbc:p6spy:mysql://localhost:3306/test|/* ping */ SELECT 1|/* ping */ SELECT 1
2019/11/07-17:19:34 WARN [http-nio-8081-exec-1] Caller+0	 at org.springframework.web.servlet.DispatcherServlet.noHandlerFound(DispatcherServlet.java:1251)
 - No mapping for GET /spring-demo/swagger-ui.html
2019/11/07-17:19:34 WARN [http-nio-8081-exec-2] Caller+0	 at org.springframework.web.servlet.DispatcherServlet.noHandlerFound(DispatcherServlet.java:1251)
 - No mapping for GET /spring-demo/swagger-ui.html
